#
# There is insufficient memory for the Java Runtime Environment to continue.
# Native memory allocation (malloc) failed to allocate 44720 bytes for Chunk::new
# Possible reasons:
#   The system is out of physical RAM or swap space
#   The process is running with CompressedOops enabled, and the Java Heap may be blocking the growth of the native heap
# Possible solutions:
#   Reduce memory load on the system
#   Increase physical memory or swap space
#   Check if swap backing store is full
#   Decrease Java heap size (-Xmx/-Xms)
#   Decrease number of Java threads
#   Decrease Java thread stack sizes (-Xss)
#   Set larger code cache with -XX:ReservedCodeCacheSize=
#   JVM is running with Zero Based Compressed Oops mode in which the Java heap is
#     placed in the first 32GB address space. The Java Heap base address is the
#     maximum limit for the native heap growth. Please use -XX:HeapBaseMinAddress
#     to set the Java Heap base and to place the Java Heap above 32GB virtual address.
# This output file may be truncated or incomplete.
#
#  Out of Memory Error (arena.cpp:191), pid=25872, tid=29448
#
# JRE version: OpenJDK Runtime Environment Temurin-17.0.9+9 (17.0.9+9) (build 17.0.9+9)
# Java VM: OpenJDK 64-Bit Server VM Temurin-17.0.9+9 (17.0.9+9, mixed mode, tiered, compressed oops, compressed class ptrs, g1 gc, windows-amd64)
# No core dump will be written. Minidumps are not enabled by default on client versions of Windows
#

---------------  S U M M A R Y ------------

Command Line: -Dcom.android.sdklib.toolsdir=C:\Program Files\Unity\Hub\Editor\6000.0.24f1\Editor\Data\PlaybackEngines\AndroidPlayer\SDK\cmdline-tools\6.0\bin\\.. com.android.sdklib.tool.sdkmanager.SdkManagerCli --list

Host: AMD Ryzen 5 4600H with Radeon Graphics         , 12 cores, 15G,  Windows 11 , 64 bit Build 26100 (10.0.26100.3575)
Time: Mon May 12 15:03:47 2025 SE Asia Standard Time elapsed time: 0.268226 seconds (0d 0h 0m 0s)

---------------  T H R E A D  ---------------

Current thread (0x000001b0040bbaf0):  JavaThread "C2 CompilerThread0" daemon [_thread_in_native, id=29448, stack(0x0000000fa3100000,0x0000000fa3200000)]


Current CompileTask:
C2:    268  152 %     4       java.lang.StringLatin1::indexOfChar @ 7 (33 bytes)

Stack: [0x0000000fa3100000,0x0000000fa3200000]
Native frames: (J=compiled Java code, j=interpreted, Vv=VM code, C=native code)
V  [jvm.dll+0x67cf49]
V  [jvm.dll+0x83478a]
V  [jvm.dll+0x83624e]
V  [jvm.dll+0x8368b3]
V  [jvm.dll+0x247f1f]
V  [jvm.dll+0xac43c]
V  [jvm.dll+0xaca8c]
V  [jvm.dll+0x367067]
V  [jvm.dll+0x3313ba]
V  [jvm.dll+0x33085a]
V  [jvm.dll+0x21a5b1]
V  [jvm.dll+0x2199d1]
V  [jvm.dll+0x1a57cd]
V  [jvm.dll+0x2297ae]
V  [jvm.dll+0x22797c]
V  [jvm.dll+0x7e9877]
V  [jvm.dll+0x7e3c3a]
V  [jvm.dll+0x67be35]
C  [ucrtbase.dll+0x37b0]
C  [KERNEL32.DLL+0x2e8d7]
C  [ntdll.dll+0xb14fc]


---------------  P R O C E S S  ---------------

Threads class SMR info:
_java_thread_list=0x000001b0042c8b90, length=13, elements={
0x000001b05ae7c5f0, 0x000001b004080250, 0x000001b004084ab0, 0x000001b0040b66c0,
0x000001b0040b6f90, 0x000001b0040b83d0, 0x000001b0040b9810, 0x000001b0040bbaf0,
0x000001b0040bc4b0, 0x000001b0040bd930, 0x000001b004241f60, 0x000001b004254910,
0x000001b005cf8920
}

Java Threads: ( => current thread )
  0x000001b05ae7c5f0 JavaThread "main" [_thread_in_native, id=25204, stack(0x0000000fa2400000,0x0000000fa2500000)]
  0x000001b004080250 JavaThread "Reference Handler" daemon [_thread_blocked, id=21468, stack(0x0000000fa2b00000,0x0000000fa2c00000)]
  0x000001b004084ab0 JavaThread "Finalizer" daemon [_thread_blocked, id=21804, stack(0x0000000fa2c00000,0x0000000fa2d00000)]
  0x000001b0040b66c0 JavaThread "Signal Dispatcher" daemon [_thread_blocked, id=29004, stack(0x0000000fa2d00000,0x0000000fa2e00000)]
  0x000001b0040b6f90 JavaThread "Attach Listener" daemon [_thread_blocked, id=28052, stack(0x0000000fa2e00000,0x0000000fa2f00000)]
  0x000001b0040b83d0 JavaThread "Service Thread" daemon [_thread_blocked, id=5352, stack(0x0000000fa2f00000,0x0000000fa3000000)]
  0x000001b0040b9810 JavaThread "Monitor Deflation Thread" daemon [_thread_blocked, id=2588, stack(0x0000000fa3000000,0x0000000fa3100000)]
=>0x000001b0040bbaf0 JavaThread "C2 CompilerThread0" daemon [_thread_in_native, id=29448, stack(0x0000000fa3100000,0x0000000fa3200000)]
  0x000001b0040bc4b0 JavaThread "C1 CompilerThread0" daemon [_thread_in_native, id=28384, stack(0x0000000fa3200000,0x0000000fa3300000)]
  0x000001b0040bd930 JavaThread "Sweeper thread" daemon [_thread_blocked, id=18164, stack(0x0000000fa3300000,0x0000000fa3400000)]
  0x000001b004241f60 JavaThread "Notification Thread" daemon [_thread_blocked, id=23440, stack(0x0000000fa3400000,0x0000000fa3500000)]
  0x000001b004254910 JavaThread "Common-Cleaner" daemon [_thread_blocked, id=27432, stack(0x0000000fa3600000,0x0000000fa3700000)]
  0x000001b005cf8920 JavaThread "C2 CompilerThread1" daemon [_thread_in_vm, id=24664, stack(0x0000000fa3700000,0x0000000fa3800000)]

Other Threads:
  0x000001b00405d1e0 VMThread "VM Thread" [stack: 0x0000000fa2a00000,0x0000000fa2b00000] [id=1572]
  0x000001b004244450 WatcherThread [stack: 0x0000000fa3500000,0x0000000fa3600000] [id=27304]
  0x000001b05aee9ba0 GCTaskThread "GC Thread#0" [stack: 0x0000000fa2500000,0x0000000fa2600000] [id=24516]
  0x000001b05aefa130 ConcurrentGCThread "G1 Main Marker" [stack: 0x0000000fa2600000,0x0000000fa2700000] [id=16404]
  0x000001b05aefc380 ConcurrentGCThread "G1 Conc#0" [stack: 0x0000000fa2700000,0x0000000fa2800000] [id=21732]
  0x000001b07e4c2240 ConcurrentGCThread "G1 Refine#0" [stack: 0x0000000fa2800000,0x0000000fa2900000] [id=5016]
  0x000001b07e4c2920 ConcurrentGCThread "G1 Service" [stack: 0x0000000fa2900000,0x0000000fa2a00000] [id=7908]

Threads with active compile tasks:
C2 CompilerThread0      291  152 %     4       java.lang.StringLatin1::indexOfChar @ 7 (33 bytes)
C2 CompilerThread1      291  185   !   4       java.util.zip.ZipFile$Source::checkAndAddEntry (262 bytes)

VM state: not at safepoint (normal execution)

VM Mutex/Monitor currently owned by a thread: None

Heap address: 0x0000000709400000, size: 3948 MB, Compressed Oops mode: Zero based, Oop shift amount: 3

CDS archive(s) not mapped
Compressed class space mapped at: 0x0000000800000000-0x0000000840000000, reserved size: 1073741824
Narrow klass base: 0x0000000800000000, Narrow klass shift: 0, Narrow klass range: 0x40000000

GC Precious Log:
 CPUs: 12 total, 12 available
 Memory: 15789M
 Large Page Support: Disabled
 NUMA Support: Disabled
 Compressed Oops: Enabled (Zero based)
 Heap Region Size: 2M
 Heap Min Capacity: 8M
 Heap Initial Capacity: 248M
 Heap Max Capacity: 3948M
 Pre-touch: Disabled
 Parallel Workers: 10
 Concurrent Workers: 3
 Concurrent Refinement Workers: 10
 Periodic GC: Disabled

Heap:
 garbage-first heap   total 253952K, used 0K [0x0000000709400000, 0x0000000800000000)
  region size 2048K, 2 young (4096K), 0 survivors (0K)
 Metaspace       used 6045K, committed 6080K, reserved 1114112K
  class space    used 501K, committed 512K, reserved 1048576K

Heap Regions: E=young(eden), S=young(survivor), O=old, HS=humongous(starts), HC=humongous(continues), CS=collection set, F=free, OA=open archive, CA=closed archive, TAMS=top-at-mark-start (previous, next)
|   0|0x0000000709400000, 0x0000000709400000, 0x0000000709600000|  0%| F|  |TAMS 0x0000000709400000, 0x0000000709400000| Untracked 
|   1|0x0000000709600000, 0x0000000709600000, 0x0000000709800000|  0%| F|  |TAMS 0x0000000709600000, 0x0000000709600000| Untracked 
|   2|0x0000000709800000, 0x0000000709800000, 0x0000000709a00000|  0%| F|  |TAMS 0x0000000709800000, 0x0000000709800000| Untracked 
|   3|0x0000000709a00000, 0x0000000709a00000, 0x0000000709c00000|  0%| F|  |TAMS 0x0000000709a00000, 0x0000000709a00000| Untracked 
|   4|0x0000000709c00000, 0x0000000709c00000, 0x0000000709e00000|  0%| F|  |TAMS 0x0000000709c00000, 0x0000000709c00000| Untracked 
|   5|0x0000000709e00000, 0x0000000709e00000, 0x000000070a000000|  0%| F|  |TAMS 0x0000000709e00000, 0x0000000709e00000| Untracked 
|   6|0x000000070a000000, 0x000000070a000000, 0x000000070a200000|  0%| F|  |TAMS 0x000000070a000000, 0x000000070a000000| Untracked 
|   7|0x000000070a200000, 0x000000070a200000, 0x000000070a400000|  0%| F|  |TAMS 0x000000070a200000, 0x000000070a200000| Untracked 
|   8|0x000000070a400000, 0x000000070a400000, 0x000000070a600000|  0%| F|  |TAMS 0x000000070a400000, 0x000000070a400000| Untracked 
|   9|0x000000070a600000, 0x000000070a600000, 0x000000070a800000|  0%| F|  |TAMS 0x000000070a600000, 0x000000070a600000| Untracked 
|  10|0x000000070a800000, 0x000000070a800000, 0x000000070aa00000|  0%| F|  |TAMS 0x000000070a800000, 0x000000070a800000| Untracked 
|  11|0x000000070aa00000, 0x000000070aa00000, 0x000000070ac00000|  0%| F|  |TAMS 0x000000070aa00000, 0x000000070aa00000| Untracked 
|  12|0x000000070ac00000, 0x000000070ac00000, 0x000000070ae00000|  0%| F|  |TAMS 0x000000070ac00000, 0x000000070ac00000| Untracked 
|  13|0x000000070ae00000, 0x000000070ae00000, 0x000000070b000000|  0%| F|  |TAMS 0x000000070ae00000, 0x000000070ae00000| Untracked 
|  14|0x000000070b000000, 0x000000070b000000, 0x000000070b200000|  0%| F|  |TAMS 0x000000070b000000, 0x000000070b000000| Untracked 
|  15|0x000000070b200000, 0x000000070b200000, 0x000000070b400000|  0%| F|  |TAMS 0x000000070b200000, 0x000000070b200000| Untracked 
|  16|0x000000070b400000, 0x000000070b400000, 0x000000070b600000|  0%| F|  |TAMS 0x000000070b400000, 0x000000070b400000| Untracked 
|  17|0x000000070b600000, 0x000000070b600000, 0x000000070b800000|  0%| F|  |TAMS 0x000000070b600000, 0x000000070b600000| Untracked 
|  18|0x000000070b800000, 0x000000070b800000, 0x000000070ba00000|  0%| F|  |TAMS 0x000000070b800000, 0x000000070b800000| Untracked 
|  19|0x000000070ba00000, 0x000000070ba00000, 0x000000070bc00000|  0%| F|  |TAMS 0x000000070ba00000, 0x000000070ba00000| Untracked 
|  20|0x000000070bc00000, 0x000000070bc00000, 0x000000070be00000|  0%| F|  |TAMS 0x000000070bc00000, 0x000000070bc00000| Untracked 
|  21|0x000000070be00000, 0x000000070be00000, 0x000000070c000000|  0%| F|  |TAMS 0x000000070be00000, 0x000000070be00000| Untracked 
|  22|0x000000070c000000, 0x000000070c000000, 0x000000070c200000|  0%| F|  |TAMS 0x000000070c000000, 0x000000070c000000| Untracked 
|  23|0x000000070c200000, 0x000000070c200000, 0x000000070c400000|  0%| F|  |TAMS 0x000000070c200000, 0x000000070c200000| Untracked 
|  24|0x000000070c400000, 0x000000070c400000, 0x000000070c600000|  0%| F|  |TAMS 0x000000070c400000, 0x000000070c400000| Untracked 
|  25|0x000000070c600000, 0x000000070c600000, 0x000000070c800000|  0%| F|  |TAMS 0x000000070c600000, 0x000000070c600000| Untracked 
|  26|0x000000070c800000, 0x000000070c800000, 0x000000070ca00000|  0%| F|  |TAMS 0x000000070c800000, 0x000000070c800000| Untracked 
|  27|0x000000070ca00000, 0x000000070ca00000, 0x000000070cc00000|  0%| F|  |TAMS 0x000000070ca00000, 0x000000070ca00000| Untracked 
|  28|0x000000070cc00000, 0x000000070cc00000, 0x000000070ce00000|  0%| F|  |TAMS 0x000000070cc00000, 0x000000070cc00000| Untracked 
|  29|0x000000070ce00000, 0x000000070ce00000, 0x000000070d000000|  0%| F|  |TAMS 0x000000070ce00000, 0x000000070ce00000| Untracked 
|  30|0x000000070d000000, 0x000000070d000000, 0x000000070d200000|  0%| F|  |TAMS 0x000000070d000000, 0x000000070d000000| Untracked 
|  31|0x000000070d200000, 0x000000070d200000, 0x000000070d400000|  0%| F|  |TAMS 0x000000070d200000, 0x000000070d200000| Untracked 
|  32|0x000000070d400000, 0x000000070d400000, 0x000000070d600000|  0%| F|  |TAMS 0x000000070d400000, 0x000000070d400000| Untracked 
|  33|0x000000070d600000, 0x000000070d600000, 0x000000070d800000|  0%| F|  |TAMS 0x000000070d600000, 0x000000070d600000| Untracked 
|  34|0x000000070d800000, 0x000000070d800000, 0x000000070da00000|  0%| F|  |TAMS 0x000000070d800000, 0x000000070d800000| Untracked 
|  35|0x000000070da00000, 0x000000070da00000, 0x000000070dc00000|  0%| F|  |TAMS 0x000000070da00000, 0x000000070da00000| Untracked 
|  36|0x000000070dc00000, 0x000000070dc00000, 0x000000070de00000|  0%| F|  |TAMS 0x000000070dc00000, 0x000000070dc00000| Untracked 
|  37|0x000000070de00000, 0x000000070de00000, 0x000000070e000000|  0%| F|  |TAMS 0x000000070de00000, 0x000000070de00000| Untracked 
|  38|0x000000070e000000, 0x000000070e000000, 0x000000070e200000|  0%| F|  |TAMS 0x000000070e000000, 0x000000070e000000| Untracked 
|  39|0x000000070e200000, 0x000000070e200000, 0x000000070e400000|  0%| F|  |TAMS 0x000000070e200000, 0x000000070e200000| Untracked 
|  40|0x000000070e400000, 0x000000070e400000, 0x000000070e600000|  0%| F|  |TAMS 0x000000070e400000, 0x000000070e400000| Untracked 
|  41|0x000000070e600000, 0x000000070e600000, 0x000000070e800000|  0%| F|  |TAMS 0x000000070e600000, 0x000000070e600000| Untracked 
|  42|0x000000070e800000, 0x000000070e800000, 0x000000070ea00000|  0%| F|  |TAMS 0x000000070e800000, 0x000000070e800000| Untracked 
|  43|0x000000070ea00000, 0x000000070ea00000, 0x000000070ec00000|  0%| F|  |TAMS 0x000000070ea00000, 0x000000070ea00000| Untracked 
|  44|0x000000070ec00000, 0x000000070ec00000, 0x000000070ee00000|  0%| F|  |TAMS 0x000000070ec00000, 0x000000070ec00000| Untracked 
|  45|0x000000070ee00000, 0x000000070ee00000, 0x000000070f000000|  0%| F|  |TAMS 0x000000070ee00000, 0x000000070ee00000| Untracked 
|  46|0x000000070f000000, 0x000000070f000000, 0x000000070f200000|  0%| F|  |TAMS 0x000000070f000000, 0x000000070f000000| Untracked 
|  47|0x000000070f200000, 0x000000070f200000, 0x000000070f400000|  0%| F|  |TAMS 0x000000070f200000, 0x000000070f200000| Untracked 
|  48|0x000000070f400000, 0x000000070f400000, 0x000000070f600000|  0%| F|  |TAMS 0x000000070f400000, 0x000000070f400000| Untracked 
|  49|0x000000070f600000, 0x000000070f600000, 0x000000070f800000|  0%| F|  |TAMS 0x000000070f600000, 0x000000070f600000| Untracked 
|  50|0x000000070f800000, 0x000000070f800000, 0x000000070fa00000|  0%| F|  |TAMS 0x000000070f800000, 0x000000070f800000| Untracked 
|  51|0x000000070fa00000, 0x000000070fa00000, 0x000000070fc00000|  0%| F|  |TAMS 0x000000070fa00000, 0x000000070fa00000| Untracked 
|  52|0x000000070fc00000, 0x000000070fc00000, 0x000000070fe00000|  0%| F|  |TAMS 0x000000070fc00000, 0x000000070fc00000| Untracked 
|  53|0x000000070fe00000, 0x000000070fe00000, 0x0000000710000000|  0%| F|  |TAMS 0x000000070fe00000, 0x000000070fe00000| Untracked 
|  54|0x0000000710000000, 0x0000000710000000, 0x0000000710200000|  0%| F|  |TAMS 0x0000000710000000, 0x0000000710000000| Untracked 
|  55|0x0000000710200000, 0x0000000710200000, 0x0000000710400000|  0%| F|  |TAMS 0x0000000710200000, 0x0000000710200000| Untracked 
|  56|0x0000000710400000, 0x0000000710400000, 0x0000000710600000|  0%| F|  |TAMS 0x0000000710400000, 0x0000000710400000| Untracked 
|  57|0x0000000710600000, 0x0000000710600000, 0x0000000710800000|  0%| F|  |TAMS 0x0000000710600000, 0x0000000710600000| Untracked 
|  58|0x0000000710800000, 0x0000000710800000, 0x0000000710a00000|  0%| F|  |TAMS 0x0000000710800000, 0x0000000710800000| Untracked 
|  59|0x0000000710a00000, 0x0000000710a00000, 0x0000000710c00000|  0%| F|  |TAMS 0x0000000710a00000, 0x0000000710a00000| Untracked 
|  60|0x0000000710c00000, 0x0000000710c00000, 0x0000000710e00000|  0%| F|  |TAMS 0x0000000710c00000, 0x0000000710c00000| Untracked 
|  61|0x0000000710e00000, 0x0000000710e00000, 0x0000000711000000|  0%| F|  |TAMS 0x0000000710e00000, 0x0000000710e00000| Untracked 
|  62|0x0000000711000000, 0x0000000711000000, 0x0000000711200000|  0%| F|  |TAMS 0x0000000711000000, 0x0000000711000000| Untracked 
|  63|0x0000000711200000, 0x0000000711200000, 0x0000000711400000|  0%| F|  |TAMS 0x0000000711200000, 0x0000000711200000| Untracked 
|  64|0x0000000711400000, 0x0000000711400000, 0x0000000711600000|  0%| F|  |TAMS 0x0000000711400000, 0x0000000711400000| Untracked 
|  65|0x0000000711600000, 0x0000000711600000, 0x0000000711800000|  0%| F|  |TAMS 0x0000000711600000, 0x0000000711600000| Untracked 
|  66|0x0000000711800000, 0x0000000711800000, 0x0000000711a00000|  0%| F|  |TAMS 0x0000000711800000, 0x0000000711800000| Untracked 
|  67|0x0000000711a00000, 0x0000000711a00000, 0x0000000711c00000|  0%| F|  |TAMS 0x0000000711a00000, 0x0000000711a00000| Untracked 
|  68|0x0000000711c00000, 0x0000000711c00000, 0x0000000711e00000|  0%| F|  |TAMS 0x0000000711c00000, 0x0000000711c00000| Untracked 
|  69|0x0000000711e00000, 0x0000000711e00000, 0x0000000712000000|  0%| F|  |TAMS 0x0000000711e00000, 0x0000000711e00000| Untracked 
|  70|0x0000000712000000, 0x0000000712000000, 0x0000000712200000|  0%| F|  |TAMS 0x0000000712000000, 0x0000000712000000| Untracked 
|  71|0x0000000712200000, 0x0000000712200000, 0x0000000712400000|  0%| F|  |TAMS 0x0000000712200000, 0x0000000712200000| Untracked 
|  72|0x0000000712400000, 0x0000000712400000, 0x0000000712600000|  0%| F|  |TAMS 0x0000000712400000, 0x0000000712400000| Untracked 
|  73|0x0000000712600000, 0x0000000712600000, 0x0000000712800000|  0%| F|  |TAMS 0x0000000712600000, 0x0000000712600000| Untracked 
|  74|0x0000000712800000, 0x0000000712800000, 0x0000000712a00000|  0%| F|  |TAMS 0x0000000712800000, 0x0000000712800000| Untracked 
|  75|0x0000000712a00000, 0x0000000712a00000, 0x0000000712c00000|  0%| F|  |TAMS 0x0000000712a00000, 0x0000000712a00000| Untracked 
|  76|0x0000000712c00000, 0x0000000712c00000, 0x0000000712e00000|  0%| F|  |TAMS 0x0000000712c00000, 0x0000000712c00000| Untracked 
|  77|0x0000000712e00000, 0x0000000712e00000, 0x0000000713000000|  0%| F|  |TAMS 0x0000000712e00000, 0x0000000712e00000| Untracked 
|  78|0x0000000713000000, 0x0000000713000000, 0x0000000713200000|  0%| F|  |TAMS 0x0000000713000000, 0x0000000713000000| Untracked 
|  79|0x0000000713200000, 0x0000000713200000, 0x0000000713400000|  0%| F|  |TAMS 0x0000000713200000, 0x0000000713200000| Untracked 
|  80|0x0000000713400000, 0x0000000713400000, 0x0000000713600000|  0%| F|  |TAMS 0x0000000713400000, 0x0000000713400000| Untracked 
|  81|0x0000000713600000, 0x0000000713600000, 0x0000000713800000|  0%| F|  |TAMS 0x0000000713600000, 0x0000000713600000| Untracked 
|  82|0x0000000713800000, 0x0000000713800000, 0x0000000713a00000|  0%| F|  |TAMS 0x0000000713800000, 0x0000000713800000| Untracked 
|  83|0x0000000713a00000, 0x0000000713a00000, 0x0000000713c00000|  0%| F|  |TAMS 0x0000000713a00000, 0x0000000713a00000| Untracked 
|  84|0x0000000713c00000, 0x0000000713c00000, 0x0000000713e00000|  0%| F|  |TAMS 0x0000000713c00000, 0x0000000713c00000| Untracked 
|  85|0x0000000713e00000, 0x0000000713e00000, 0x0000000714000000|  0%| F|  |TAMS 0x0000000713e00000, 0x0000000713e00000| Untracked 
|  86|0x0000000714000000, 0x0000000714000000, 0x0000000714200000|  0%| F|  |TAMS 0x0000000714000000, 0x0000000714000000| Untracked 
|  87|0x0000000714200000, 0x0000000714200000, 0x0000000714400000|  0%| F|  |TAMS 0x0000000714200000, 0x0000000714200000| Untracked 
|  88|0x0000000714400000, 0x0000000714400000, 0x0000000714600000|  0%| F|  |TAMS 0x0000000714400000, 0x0000000714400000| Untracked 
|  89|0x0000000714600000, 0x0000000714600000, 0x0000000714800000|  0%| F|  |TAMS 0x0000000714600000, 0x0000000714600000| Untracked 
|  90|0x0000000714800000, 0x0000000714800000, 0x0000000714a00000|  0%| F|  |TAMS 0x0000000714800000, 0x0000000714800000| Untracked 
|  91|0x0000000714a00000, 0x0000000714a00000, 0x0000000714c00000|  0%| F|  |TAMS 0x0000000714a00000, 0x0000000714a00000| Untracked 
|  92|0x0000000714c00000, 0x0000000714c00000, 0x0000000714e00000|  0%| F|  |TAMS 0x0000000714c00000, 0x0000000714c00000| Untracked 
|  93|0x0000000714e00000, 0x0000000714e00000, 0x0000000715000000|  0%| F|  |TAMS 0x0000000714e00000, 0x0000000714e00000| Untracked 
|  94|0x0000000715000000, 0x0000000715000000, 0x0000000715200000|  0%| F|  |TAMS 0x0000000715000000, 0x0000000715000000| Untracked 
|  95|0x0000000715200000, 0x0000000715200000, 0x0000000715400000|  0%| F|  |TAMS 0x0000000715200000, 0x0000000715200000| Untracked 
|  96|0x0000000715400000, 0x0000000715400000, 0x0000000715600000|  0%| F|  |TAMS 0x0000000715400000, 0x0000000715400000| Untracked 
|  97|0x0000000715600000, 0x0000000715600000, 0x0000000715800000|  0%| F|  |TAMS 0x0000000715600000, 0x0000000715600000| Untracked 
|  98|0x0000000715800000, 0x0000000715800000, 0x0000000715a00000|  0%| F|  |TAMS 0x0000000715800000, 0x0000000715800000| Untracked 
|  99|0x0000000715a00000, 0x0000000715a00000, 0x0000000715c00000|  0%| F|  |TAMS 0x0000000715a00000, 0x0000000715a00000| Untracked 
| 100|0x0000000715c00000, 0x0000000715c00000, 0x0000000715e00000|  0%| F|  |TAMS 0x0000000715c00000, 0x0000000715c00000| Untracked 
| 101|0x0000000715e00000, 0x0000000715e00000, 0x0000000716000000|  0%| F|  |TAMS 0x0000000715e00000, 0x0000000715e00000| Untracked 
| 102|0x0000000716000000, 0x0000000716000000, 0x0000000716200000|  0%| F|  |TAMS 0x0000000716000000, 0x0000000716000000| Untracked 
| 103|0x0000000716200000, 0x0000000716200000, 0x0000000716400000|  0%| F|  |TAMS 0x0000000716200000, 0x0000000716200000| Untracked 
| 104|0x0000000716400000, 0x0000000716400000, 0x0000000716600000|  0%| F|  |TAMS 0x0000000716400000, 0x0000000716400000| Untracked 
| 105|0x0000000716600000, 0x0000000716600000, 0x0000000716800000|  0%| F|  |TAMS 0x0000000716600000, 0x0000000716600000| Untracked 
| 106|0x0000000716800000, 0x0000000716800000, 0x0000000716a00000|  0%| F|  |TAMS 0x0000000716800000, 0x0000000716800000| Untracked 
| 107|0x0000000716a00000, 0x0000000716a00000, 0x0000000716c00000|  0%| F|  |TAMS 0x0000000716a00000, 0x0000000716a00000| Untracked 
| 108|0x0000000716c00000, 0x0000000716c00000, 0x0000000716e00000|  0%| F|  |TAMS 0x0000000716c00000, 0x0000000716c00000| Untracked 
| 109|0x0000000716e00000, 0x0000000716e00000, 0x0000000717000000|  0%| F|  |TAMS 0x0000000716e00000, 0x0000000716e00000| Untracked 
| 110|0x0000000717000000, 0x0000000717000000, 0x0000000717200000|  0%| F|  |TAMS 0x0000000717000000, 0x0000000717000000| Untracked 
| 111|0x0000000717200000, 0x0000000717200000, 0x0000000717400000|  0%| F|  |TAMS 0x0000000717200000, 0x0000000717200000| Untracked 
| 112|0x0000000717400000, 0x0000000717400000, 0x0000000717600000|  0%| F|  |TAMS 0x0000000717400000, 0x0000000717400000| Untracked 
| 113|0x0000000717600000, 0x0000000717600000, 0x0000000717800000|  0%| F|  |TAMS 0x0000000717600000, 0x0000000717600000| Untracked 
| 114|0x0000000717800000, 0x0000000717800000, 0x0000000717a00000|  0%| F|  |TAMS 0x0000000717800000, 0x0000000717800000| Untracked 
| 115|0x0000000717a00000, 0x0000000717a00000, 0x0000000717c00000|  0%| F|  |TAMS 0x0000000717a00000, 0x0000000717a00000| Untracked 
| 116|0x0000000717c00000, 0x0000000717c00000, 0x0000000717e00000|  0%| F|  |TAMS 0x0000000717c00000, 0x0000000717c00000| Untracked 
| 117|0x0000000717e00000, 0x0000000717e00000, 0x0000000718000000|  0%| F|  |TAMS 0x0000000717e00000, 0x0000000717e00000| Untracked 
| 118|0x0000000718000000, 0x0000000718000000, 0x0000000718200000|  0%| F|  |TAMS 0x0000000718000000, 0x0000000718000000| Untracked 
| 119|0x0000000718200000, 0x0000000718200000, 0x0000000718400000|  0%| F|  |TAMS 0x0000000718200000, 0x0000000718200000| Untracked 
| 120|0x0000000718400000, 0x0000000718400000, 0x0000000718600000|  0%| F|  |TAMS 0x0000000718400000, 0x0000000718400000| Untracked 
| 121|0x0000000718600000, 0x0000000718600000, 0x0000000718800000|  0%| F|  |TAMS 0x0000000718600000, 0x0000000718600000| Untracked 
| 122|0x0000000718800000, 0x0000000718969d38, 0x0000000718a00000| 70%| E|  |TAMS 0x0000000718800000, 0x0000000718800000| Complete 
| 123|0x0000000718a00000, 0x0000000718c00000, 0x0000000718c00000|100%| E|  |TAMS 0x0000000718a00000, 0x0000000718a00000| Complete 

Card table byte_map: [0x000001b072e90000,0x000001b073650000] _byte_map_base: 0x000001b06f646000

Marking Bits (Prev, Next): (CMBitMap*) 0x000001b05aee9fe0, (CMBitMap*) 0x000001b05aeea020
 Prev Bits: [0x000001b073e10000, 0x000001b077bc0000)
 Next Bits: [0x000001b077bc0000, 0x000001b07b970000)

Polling page: 0x000001b059630000

Metaspace:

Usage:
  Non-class:      5.43 MB used.
      Class:    503.97 KB used.
       Both:      5.92 MB used.

Virtual space:
  Non-class space:       64.00 MB reserved,       5.50 MB (  9%) committed,  1 nodes.
      Class space:        1.00 GB reserved,     512.00 KB ( <1%) committed,  1 nodes.
             Both:        1.06 GB reserved,       6.00 MB ( <1%) committed. 

Chunk freelists:
   Non-Class:  10.36 MB
       Class:  15.50 MB
        Both:  25.86 MB

MaxMetaspaceSize: unlimited
CompressedClassSpaceSize: 1.00 GB
Initial GC threshold: 21.00 MB
Current GC threshold: 21.00 MB
CDS: off
MetaspaceReclaimPolicy: balanced
 - commit_granule_bytes: 65536.
 - commit_granule_words: 8192.
 - virtual_space_node_default_size: 8388608.
 - enlarge_chunks_in_place: 1.
 - new_chunks_are_fully_committed: 0.
 - uncommit_free_chunks: 1.
 - use_allocation_guard: 0.
 - handle_deallocations: 1.


Internal statistics:

num_allocs_failed_limit: 0.
num_arena_births: 6.
num_arena_deaths: 0.
num_vsnodes_births: 2.
num_vsnodes_deaths: 0.
num_space_committed: 96.
num_space_uncommitted: 0.
num_chunks_returned_to_freelist: 0.
num_chunks_taken_from_freelist: 27.
num_chunk_merges: 0.
num_chunk_splits: 11.
num_chunks_enlarged: 7.
num_inconsistent_stats: 0.

CodeHeap 'non-profiled nmethods': size=120000Kb used=52Kb max_used=52Kb free=119947Kb
 bounds [0x000001b06a520000, 0x000001b06a790000, 0x000001b071a50000]
CodeHeap 'profiled nmethods': size=120000Kb used=234Kb max_used=234Kb free=119766Kb
 bounds [0x000001b062a50000, 0x000001b062cc0000, 0x000001b069f80000]
CodeHeap 'non-nmethods': size=5760Kb used=1096Kb max_used=1111Kb free=4663Kb
 bounds [0x000001b069f80000, 0x000001b06a1f0000, 0x000001b06a520000]
 total_blobs=559 nmethods=188 adapters=284
 compilation: enabled
              stopped_count=0, restarted_count=0
 full_count=0

Compilation events (20 events):
Event: 0.263 Thread 0x000001b0040bbaf0  149       4       java.lang.String::hashCode (60 bytes)
Event: 0.264 Thread 0x000001b0040bc4b0  151       3       java.util.HashMap::putVal (300 bytes)
Event: 0.265 Thread 0x000001b0040bc4b0 nmethod 151 0x000001b062a7fb90 code [0x000001b062a7fe40, 0x000001b062a810b8]
Event: 0.265 Thread 0x000001b0040bbaf0 nmethod 149 0x000001b06a528f10 code [0x000001b06a529080, 0x000001b06a529278]
Event: 0.265 Thread 0x000001b0040bbaf0  152 %     4       java.lang.StringLatin1::indexOfChar @ 7 (33 bytes)
Event: 0.266 Thread 0x000001b0040bc4b0  153       3       java.lang.CharacterDataLatin1::toUpperCase (53 bytes)
Event: 0.266 Thread 0x000001b0040bc4b0 nmethod 153 0x000001b062a81590 code [0x000001b062a81740, 0x000001b062a819d8]
Event: 0.266 Thread 0x000001b0040bc4b0  155       3       java.lang.Character::toUpperCase (6 bytes)
Event: 0.266 Thread 0x000001b0040bc4b0 nmethod 155 0x000001b062a81b10 code [0x000001b062a81cc0, 0x000001b062a81f18]
Event: 0.266 Thread 0x000001b0040bc4b0  157       3       java.util.TreeMap::parentOf (13 bytes)
Event: 0.266 Thread 0x000001b0040bc4b0 nmethod 157 0x000001b062a82010 code [0x000001b062a821a0, 0x000001b062a82318]
Event: 0.266 Thread 0x000001b0040bc4b0  156       3       java.lang.Character::toUpperCase (9 bytes)
Event: 0.266 Thread 0x000001b0040bc4b0 nmethod 156 0x000001b062a82410 code [0x000001b062a825c0, 0x000001b062a827b8]
Event: 0.266 Thread 0x000001b0040bc4b0  160       3       java.lang.ProcessEnvironment$NameComparator::compare (90 bytes)
Event: 0.267 Thread 0x000001b0040bc4b0 nmethod 160 0x000001b062a82890 code [0x000001b062a82ba0, 0x000001b062a83df8]
Event: 0.267 Thread 0x000001b0040bc4b0  158       1       java.util.HashMap$Node::getKey (5 bytes)
Event: 0.267 Thread 0x000001b0040bc4b0 nmethod 158 0x000001b06a529390 code [0x000001b06a529520, 0x000001b06a5295f8]
Event: 0.267 Thread 0x000001b0040bc4b0  159       1       java.util.HashMap$Node::getValue (5 bytes)
Event: 0.267 Thread 0x000001b0040bc4b0 nmethod 159 0x000001b06a529690 code [0x000001b06a529820, 0x000001b06a5298f8]
Event: 0.267 Thread 0x000001b0040bc4b0  161       3       java.lang.ProcessEnvironment$NameComparator::compare (13 bytes)

GC Heap History (0 events):
No events

Dll operation events (5 events):
Event: 0.009 Loaded shared library C:\Program Files\Unity\Hub\Editor\6000.0.24f1\Editor\Data\PlaybackEngines\AndroidPlayer\OpenJDK\bin\java.dll
Event: 0.063 Loaded shared library C:\Program Files\Unity\Hub\Editor\6000.0.24f1\Editor\Data\PlaybackEngines\AndroidPlayer\OpenJDK\bin\jsvml.dll
Event: 0.173 Loaded shared library C:\Program Files\Unity\Hub\Editor\6000.0.24f1\Editor\Data\PlaybackEngines\AndroidPlayer\OpenJDK\bin\net.dll
Event: 0.176 Loaded shared library C:\Program Files\Unity\Hub\Editor\6000.0.24f1\Editor\Data\PlaybackEngines\AndroidPlayer\OpenJDK\bin\nio.dll
Event: 0.194 Loaded shared library C:\Program Files\Unity\Hub\Editor\6000.0.24f1\Editor\Data\PlaybackEngines\AndroidPlayer\OpenJDK\bin\zip.dll

Deoptimization events (10 events):
Event: 0.216 Thread 0x000001b05ae7c5f0 DEOPT PACKING pc=0x000001b062a6f38c sp=0x0000000fa24fa5d0
Event: 0.216 Thread 0x000001b05ae7c5f0 DEOPT UNPACKING pc=0x000001b069fd7143 sp=0x0000000fa24f9a60 mode 0
Event: 0.216 Thread 0x000001b05ae7c5f0 DEOPT PACKING pc=0x000001b062a6f38c sp=0x0000000fa24fa5d0
Event: 0.216 Thread 0x000001b05ae7c5f0 DEOPT UNPACKING pc=0x000001b069fd7143 sp=0x0000000fa24f9a60 mode 0
Event: 0.216 Thread 0x000001b05ae7c5f0 DEOPT PACKING pc=0x000001b062a6f38c sp=0x0000000fa24fa5d0
Event: 0.216 Thread 0x000001b05ae7c5f0 DEOPT UNPACKING pc=0x000001b069fd7143 sp=0x0000000fa24f9a60 mode 0
Event: 0.216 Thread 0x000001b05ae7c5f0 DEOPT PACKING pc=0x000001b062a6f38c sp=0x0000000fa24fa5d0
Event: 0.216 Thread 0x000001b05ae7c5f0 DEOPT UNPACKING pc=0x000001b069fd7143 sp=0x0000000fa24f9a60 mode 0
Event: 0.216 Thread 0x000001b05ae7c5f0 DEOPT PACKING pc=0x000001b062a6f38c sp=0x0000000fa24fa5d0
Event: 0.216 Thread 0x000001b05ae7c5f0 DEOPT UNPACKING pc=0x000001b069fd7143 sp=0x0000000fa24f9a60 mode 0

Classes unloaded (0 events):
No events

Classes redefined (0 events):
No events

Internal exceptions (0 events):
No events

VM Operations (2 events):
Event: 0.186 Executing VM operation: HandshakeAllThreads
Event: 0.186 Executing VM operation: HandshakeAllThreads done

Events (20 events):
Event: 0.263 loading class java/lang/ProcessEnvironment
Event: 0.264 loading class java/lang/ProcessEnvironment done
Event: 0.264 loading class java/lang/ProcessEnvironment$NameComparator
Event: 0.264 loading class java/lang/ProcessEnvironment$NameComparator done
Event: 0.264 loading class java/lang/ProcessEnvironment$EntryComparator
Event: 0.264 loading class java/lang/ProcessEnvironment$EntryComparator done
Event: 0.264 loading class java/util/TreeMap
Event: 0.265 loading class java/util/NavigableMap
Event: 0.265 loading class java/util/SortedMap
Event: 0.265 loading class java/util/SortedMap done
Event: 0.265 loading class java/util/NavigableMap done
Event: 0.265 loading class java/util/TreeMap done
Event: 0.265 loading class java/lang/ProcessEnvironment$CheckedEntrySet
Event: 0.265 loading class java/lang/ProcessEnvironment$CheckedEntrySet done
Event: 0.265 loading class java/lang/ProcessEnvironment$CheckedEntrySet$1
Event: 0.265 loading class java/lang/ProcessEnvironment$CheckedEntrySet$1 done
Event: 0.265 loading class java/lang/ProcessEnvironment$CheckedEntry
Event: 0.265 loading class java/lang/ProcessEnvironment$CheckedEntry done
Event: 0.266 loading class java/util/TreeMap$Entry
Event: 0.266 loading class java/util/TreeMap$Entry done


Dynamic libraries:
0x00007ff6b02a0000 - 0x00007ff6b02ae000 	C:\Program Files\Unity\Hub\Editor\6000.0.24f1\Editor\Data\PlaybackEngines\AndroidPlayer\OpenJDK\bin\java.exe
0x00007fffacbe0000 - 0x00007ffface40000 	C:\WINDOWS\SYSTEM32\ntdll.dll
0x00007fffab700000 - 0x00007fffab7c7000 	C:\WINDOWS\System32\KERNEL32.DLL
0x00007fffa9f30000 - 0x00007fffaa2fa000 	C:\WINDOWS\System32\KERNELBASE.dll
0x00007fffaa300000 - 0x00007fffaa44b000 	C:\WINDOWS\System32\ucrtbase.dll
0x00007fff33650000 - 0x00007fff33667000 	C:\Program Files\Unity\Hub\Editor\6000.0.24f1\Editor\Data\PlaybackEngines\AndroidPlayer\OpenJDK\bin\jli.dll
0x00007fff33670000 - 0x00007fff3368b000 	C:\Program Files\Unity\Hub\Editor\6000.0.24f1\Editor\Data\PlaybackEngines\AndroidPlayer\OpenJDK\bin\VCRUNTIME140.dll
0x00007fffac9d0000 - 0x00007fffacb9c000 	C:\WINDOWS\System32\USER32.dll
0x00007fff98a00000 - 0x00007fff98c99000 	C:\WINDOWS\WinSxS\amd64_microsoft.windows.common-controls_6595b64144ccf1df_6.0.26100.3575_none_3e0d5430e32ff727\COMCTL32.dll
0x00007fffaa500000 - 0x00007fffaa527000 	C:\WINDOWS\System32\win32u.dll
0x00007fffaba00000 - 0x00007fffabaa9000 	C:\WINDOWS\System32\msvcrt.dll
0x00007fffac620000 - 0x00007fffac64a000 	C:\WINDOWS\System32\GDI32.dll
0x00007fffaa810000 - 0x00007fffaa941000 	C:\WINDOWS\System32\gdi32full.dll
0x00007fffaa450000 - 0x00007fffaa4f3000 	C:\WINDOWS\System32\msvcp_win.dll
0x00007fffab690000 - 0x00007fffab6bf000 	C:\WINDOWS\System32\IMM32.DLL
0x00007fff35240000 - 0x00007fff3524c000 	C:\Program Files\Unity\Hub\Editor\6000.0.24f1\Editor\Data\PlaybackEngines\AndroidPlayer\OpenJDK\bin\vcruntime140_1.dll
0x00007ffef6b10000 - 0x00007ffef6b9d000 	C:\Program Files\Unity\Hub\Editor\6000.0.24f1\Editor\Data\PlaybackEngines\AndroidPlayer\OpenJDK\bin\msvcp140.dll
0x00007ffe67f50000 - 0x00007ffe68bb1000 	C:\Program Files\Unity\Hub\Editor\6000.0.24f1\Editor\Data\PlaybackEngines\AndroidPlayer\OpenJDK\bin\server\jvm.dll
0x00007fffab240000 - 0x00007fffab2f2000 	C:\WINDOWS\System32\ADVAPI32.dll
0x00007fffab0e0000 - 0x00007fffab186000 	C:\WINDOWS\System32\sechost.dll
0x00007fffac8b0000 - 0x00007fffac9c6000 	C:\WINDOWS\System32\RPCRT4.dll
0x00007fff802b0000 - 0x00007fff802ba000 	C:\WINDOWS\SYSTEM32\WSOCK32.dll
0x00007fffa2a10000 - 0x00007fffa2a1b000 	C:\WINDOWS\SYSTEM32\VERSION.dll
0x00007fffa29d0000 - 0x00007fffa2a06000 	C:\WINDOWS\SYSTEM32\WINMM.dll
0x00007fffa9b90000 - 0x00007fffa9bee000 	C:\WINDOWS\SYSTEM32\POWRPROF.dll
0x00007fffac7e0000 - 0x00007fffac854000 	C:\WINDOWS\System32\WS2_32.dll
0x00007fffa9b70000 - 0x00007fffa9b84000 	C:\WINDOWS\SYSTEM32\UMPDC.dll
0x00007fffa8bd0000 - 0x00007fffa8bea000 	C:\WINDOWS\SYSTEM32\kernel.appcore.dll
0x00007fff33640000 - 0x00007fff3364a000 	C:\Program Files\Unity\Hub\Editor\6000.0.24f1\Editor\Data\PlaybackEngines\AndroidPlayer\OpenJDK\bin\jimage.dll
0x00007fff9c870000 - 0x00007fff9cab1000 	C:\WINDOWS\SYSTEM32\DBGHELP.DLL
0x00007fffab300000 - 0x00007fffab683000 	C:\WINDOWS\System32\combase.dll
0x00007fffabac0000 - 0x00007fffabb96000 	C:\WINDOWS\System32\OLEAUT32.dll
0x00007fff90a20000 - 0x00007fff90a59000 	C:\WINDOWS\SYSTEM32\dbgcore.DLL
0x00007fffaa770000 - 0x00007fffaa809000 	C:\WINDOWS\System32\bcryptPrimitives.dll
0x00007fff33610000 - 0x00007fff33635000 	C:\Program Files\Unity\Hub\Editor\6000.0.24f1\Editor\Data\PlaybackEngines\AndroidPlayer\OpenJDK\bin\java.dll
0x00007ffef6a30000 - 0x00007ffef6b07000 	C:\Program Files\Unity\Hub\Editor\6000.0.24f1\Editor\Data\PlaybackEngines\AndroidPlayer\OpenJDK\bin\jsvml.dll
0x00007fffabef0000 - 0x00007fffac619000 	C:\WINDOWS\System32\SHELL32.dll
0x00007fffa9dc0000 - 0x00007fffa9f28000 	C:\WINDOWS\System32\wintypes.dll
0x00007fffa7a40000 - 0x00007fffa8293000 	C:\WINDOWS\SYSTEM32\windows.storage.dll
0x00007fffabe00000 - 0x00007fffabeed000 	C:\WINDOWS\System32\SHCORE.dll
0x00007fffac650000 - 0x00007fffac6b5000 	C:\WINDOWS\System32\shlwapi.dll
0x00007fffa9cd0000 - 0x00007fffa9cff000 	C:\WINDOWS\SYSTEM32\profapi.dll
0x00007fff335f0000 - 0x00007fff33609000 	C:\Program Files\Unity\Hub\Editor\6000.0.24f1\Editor\Data\PlaybackEngines\AndroidPlayer\OpenJDK\bin\net.dll
0x00007fffa2be0000 - 0x00007fffa2cfe000 	C:\WINDOWS\SYSTEM32\WINHTTP.dll
0x00007fffa90f0000 - 0x00007fffa915a000 	C:\WINDOWS\system32\mswsock.dll
0x00007fff335d0000 - 0x00007fff335e6000 	C:\Program Files\Unity\Hub\Editor\6000.0.24f1\Editor\Data\PlaybackEngines\AndroidPlayer\OpenJDK\bin\nio.dll
0x00007fff32c30000 - 0x00007fff32c48000 	C:\Program Files\Unity\Hub\Editor\6000.0.24f1\Editor\Data\PlaybackEngines\AndroidPlayer\OpenJDK\bin\zip.dll

dbghelp: loaded successfully - version: 4.0.5 - missing functions: none
symbol engine: initialized successfully - sym options: 0x614 - pdb path: .;C:\Program Files\Unity\Hub\Editor\6000.0.24f1\Editor\Data\PlaybackEngines\AndroidPlayer\OpenJDK\bin;C:\WINDOWS\SYSTEM32;C:\WINDOWS\WinSxS\amd64_microsoft.windows.common-controls_6595b64144ccf1df_6.0.26100.3575_none_3e0d5430e32ff727;C:\Program Files\Unity\Hub\Editor\6000.0.24f1\Editor\Data\PlaybackEngines\AndroidPlayer\OpenJDK\bin\server

VM Arguments:
jvm_args: -Dcom.android.sdklib.toolsdir=C:\Program Files\Unity\Hub\Editor\6000.0.24f1\Editor\Data\PlaybackEngines\AndroidPlayer\SDK\cmdline-tools\6.0\bin\\.. 
java_command: com.android.sdklib.tool.sdkmanager.SdkManagerCli --list
java_class_path (initial): C:\Program Files\Unity\Hub\Editor\6000.0.24f1\Editor\Data\PlaybackEngines\AndroidPlayer\SDK\cmdline-tools\6.0\bin\..\lib\sdkmanager-classpath.jar
Launcher Type: SUN_STANDARD

[Global flags]
     intx CICompilerCount                          = 4                                         {product} {ergonomic}
     uint ConcGCThreads                            = 3                                         {product} {ergonomic}
     uint G1ConcRefinementThreads                  = 10                                        {product} {ergonomic}
   size_t G1HeapRegionSize                         = 2097152                                   {product} {ergonomic}
    uintx GCDrainStackTargetSize                   = 64                                        {product} {ergonomic}
   size_t InitialHeapSize                          = 260046848                                 {product} {ergonomic}
   size_t MarkStackSize                            = 4194304                                   {product} {ergonomic}
   size_t MaxHeapSize                              = 4139778048                                {product} {ergonomic}
   size_t MaxNewSize                               = 2483027968                                {product} {ergonomic}
   size_t MinHeapDeltaBytes                        = 2097152                                   {product} {ergonomic}
   size_t MinHeapSize                              = 8388608                                   {product} {ergonomic}
    uintx NonNMethodCodeHeapSize                   = 5839372                                {pd product} {ergonomic}
    uintx NonProfiledCodeHeapSize                  = 122909434                              {pd product} {ergonomic}
    uintx ProfiledCodeHeapSize                     = 122909434                              {pd product} {ergonomic}
    uintx ReservedCodeCacheSize                    = 251658240                              {pd product} {ergonomic}
     bool SegmentedCodeCache                       = true                                      {product} {ergonomic}
   size_t SoftMaxHeapSize                          = 4139778048                             {manageable} {ergonomic}
     bool UseCompressedClassPointers               = true                           {product lp64_product} {ergonomic}
     bool UseCompressedOops                        = true                           {product lp64_product} {ergonomic}
     bool UseG1GC                                  = true                                      {product} {ergonomic}
     bool UseLargePagesIndividualAllocation        = false                                  {pd product} {ergonomic}

Logging:
Log output configuration:
 #0: stdout all=warning uptime,level,tags
 #1: stderr all=off uptime,level,tags

Environment Variables:
JAVA_HOME=C:\Program Files\Unity\Hub\Editor\6000.0.24f1\Editor\Data\PlaybackEngines\AndroidPlayer\OpenJDK
CLASSPATH=C:\Program Files\Unity\Hub\Editor\6000.0.24f1\Editor\Data\PlaybackEngines\AndroidPlayer\SDK\cmdline-tools\6.0\bin\..\lib\sdkmanager-classpath.jar
PATH=D:\uit\hkvi\IS211\Oracle_21c_WINDOWS.X64_db_home\bin;C:\Program Files\Common Files\Oracle\Java\javapath;C:\Program Files (x86)\NVIDIA Corporation\PhysX\Common;C:\WINDOWS\system32;C:\WINDOWS;C:\WINDOWS\System32\Wbem;C:\WINDOWS\System32\WindowsPowerShell\v1.0\;C:\WINDOWS\System32\OpenSSH\;C:\Program Files\Microsoft SQL Server\150\Tools\Binn\;C:\Program Files\Microsoft SQL Server\Client SDK\ODBC\170\Tools\Binn\;C:\Program Files\dotnet\;C:\Program Files\Microsoft SQL Server\130\DTS\Binn\;C:\Program Files\Microsoft SQL Server\140\DTS\Binn\;C:\Program Files\Microsoft SQL Server\150\DTS\Binn\;C:\Program Files\Microsoft SQL Server\160\DTS\Binn\;C:\Program Files (x86)\Microsoft SQL Server\160\DTS\Binn\;C:\Program Files (x86)\Microsoft SQL Server\160\Tools\Binn\;C:\Program Files\Microsoft SQL Server\160\Tools\Binn\;C:\Program Files\Git\cmd;C:\Program Files (x86)\Windows Kits\10\Windows Performance Toolkit\;C:\Program Files\Java\jdk-21\bin;C:\Program Files\Perforce\;C:\Program Files\Tailscale\;D:\;C:\Program Files\Docker\Docker\resources\bin;C:\Users\Admin\AppData\Roaming\Python\Python313\Scripts;C:\Program Files\MySQL\MySQL Shell 8.0\bin\;C:\Users\Admin\AppData\Local\Microsoft\WindowsApps;C:\Users\Admin\AppData\Local\Programs\Microsoft VS Code\bin;C:\Users\Admin\.dotnet\tools;C:\Users\Admin\AppData\Roaming\npm
USERNAME=Admin
OS=Windows_NT
PROCESSOR_IDENTIFIER=AMD64 Family 23 Model 96 Stepping 1, AuthenticAMD
TMP=C:\Users\Admin\AppData\Local\Temp
TEMP=C:\Users\Admin\AppData\Local\Temp



Periodic native trim disabled


---------------  S Y S T E M  ---------------

OS:
 Windows 11 , 64 bit Build 26100 (10.0.26100.3575)
OS uptime: 0 days 2:28 hours
Hyper-V role detected

CPU: total 12 (initial active 12) (12 cores per cpu, 2 threads per core) family 23 model 96 stepping 1 microcode 0x8600106, cx8, cmov, fxsr, ht, mmx, 3dnowpref, sse, sse2, sse3, ssse3, sse4a, sse4.1, sse4.2, popcnt, lzcnt, tsc, tscinvbit, avx, avx2, aes, clmul, bmi1, bmi2, adx, sha, fma, vzeroupper, clflush, clflushopt, hv
Processor Information for all 12 processors :
  Max Mhz: 3001, Current Mhz: 3001, Mhz Limit: 3001

Memory: 4k page, system-wide physical 15789M (1873M free)
TotalPageFile size 32440M (AvailPageFile size 3M)
current process WorkingSet (physical memory assigned to process): 38M, peak: 38M
current process commit charge ("private bytes"): 336M, peak: 336M

vm_info: OpenJDK 64-Bit Server VM (17.0.9+9) for windows-amd64 JRE (17.0.9+9), built on Oct 26 2023 14:01:42 by "admin" with MS VC++ 16.10 / 16.11 (VS2019)

END.
